Determining if the pthread_create exist failed with the following output:
Change Dir: /home/spikezz/KaratUnreal/catkin_ws/build/CMakeFiles/CMakeTmp

Run Build Command:"/usr/bin/make" "cmTC_1f5bb/fast"
/usr/bin/make -f CMakeFiles/cmTC_1f5bb.dir/build.make CMakeFiles/cmTC_1f5bb.dir/build
make[1]: Entering directory '/home/spikezz/KaratUnreal/catkin_ws/build/CMakeFiles/CMakeTmp'
Building C object CMakeFiles/cmTC_1f5bb.dir/CheckSymbolExists.c.o
/usr/bin/cc    -o CMakeFiles/cmTC_1f5bb.dir/CheckSymbolExists.c.o   -c /home/spikezz/KaratUnreal/catkin_ws/build/CMakeFiles/CMakeTmp/CheckSymbolExists.c
Linking C executable cmTC_1f5bb
/usr/bin/cmake -E cmake_link_script CMakeFiles/cmTC_1f5bb.dir/link.txt --verbose=1
/usr/bin/cc      -rdynamic CMakeFiles/cmTC_1f5bb.dir/CheckSymbolExists.c.o  -o cmTC_1f5bb 
CMakeFiles/cmTC_1f5bb.dir/CheckSymbolExists.c.o: In function `main':
CheckSymbolExists.c:(.text+0x1b): undefined reference to `pthread_create'
collect2: error: ld returned 1 exit status
CMakeFiles/cmTC_1f5bb.dir/build.make:97: recipe for target 'cmTC_1f5bb' failed
make[1]: *** [cmTC_1f5bb] Error 1
make[1]: Leaving directory '/home/spikezz/KaratUnreal/catkin_ws/build/CMakeFiles/CMakeTmp'
Makefile:126: recipe for target 'cmTC_1f5bb/fast' failed
make: *** [cmTC_1f5bb/fast] Error 2

File /home/spikezz/KaratUnreal/catkin_ws/build/CMakeFiles/CMakeTmp/CheckSymbolExists.c:
/* */
#include <pthread.h>

int main(int argc, char** argv)
{
  (void)argv;
#ifndef pthread_create
  return ((int*)(&pthread_create))[argc];
#else
  (void)argc;
  return 0;
#endif
}

Determining if the function pthread_create exists in the pthreads failed with the following output:
Change Dir: /home/spikezz/KaratUnreal/catkin_ws/build/CMakeFiles/CMakeTmp

Run Build Command:"/usr/bin/make" "cmTC_945da/fast"
/usr/bin/make -f CMakeFiles/cmTC_945da.dir/build.make CMakeFiles/cmTC_945da.dir/build
make[1]: Entering directory '/home/spikezz/KaratUnreal/catkin_ws/build/CMakeFiles/CMakeTmp'
Building C object CMakeFiles/cmTC_945da.dir/CheckFunctionExists.c.o
/usr/bin/cc   -DCHECK_FUNCTION_EXISTS=pthread_create   -o CMakeFiles/cmTC_945da.dir/CheckFunctionExists.c.o   -c /usr/share/cmake-3.10/Modules/CheckFunctionExists.c
Linking C executable cmTC_945da
/usr/bin/cmake -E cmake_link_script CMakeFiles/cmTC_945da.dir/link.txt --verbose=1
/usr/bin/cc  -DCHECK_FUNCTION_EXISTS=pthread_create    -rdynamic CMakeFiles/cmTC_945da.dir/CheckFunctionExists.c.o  -o cmTC_945da -lpthreads 
/usr/bin/ld: cannot find -lpthreads
collect2: error: ld returned 1 exit status
CMakeFiles/cmTC_945da.dir/build.make:97: recipe for target 'cmTC_945da' failed
make[1]: *** [cmTC_945da] Error 1
make[1]: Leaving directory '/home/spikezz/KaratUnreal/catkin_ws/build/CMakeFiles/CMakeTmp'
Makefile:126: recipe for target 'cmTC_945da/fast' failed
make: *** [cmTC_945da/fast] Error 2


